[debug] [2025-09-13T05:28:15.234Z] ----------------------------------------------------------------------
[debug] [2025-09-13T05:28:15.240Z] Command:       C:\nvm4w\nodejs\node.exe C:\Users\Fsuels\AppData\Roaming\npm\node_modules\firebase-tools\lib\bin\firebase.js deploy
[debug] [2025-09-13T05:28:15.241Z] CLI Version:   14.16.0
[debug] [2025-09-13T05:28:15.242Z] Platform:      win32
[debug] [2025-09-13T05:28:15.242Z] Node Version:  v22.14.0
[debug] [2025-09-13T05:28:15.243Z] Time:          Sat Sep 13 2025 01:28:15 GMT-0400 (Eastern Daylight Time)
[debug] [2025-09-13T05:28:15.243Z] ----------------------------------------------------------------------
[debug] 
[debug] [2025-09-13T05:28:15.635Z] > command requires scopes: ["email","openid","https://www.googleapis.com/auth/cloudplatformprojects.readonly","https://www.googleapis.com/auth/firebase","https://www.googleapis.com/auth/cloud-platform"]
[debug] [2025-09-13T05:28:15.636Z] > authorizing via signed-in user (testhqfinds@gmail.com)
[debug] [2025-09-13T05:28:15.636Z] [iam] checking project legaldoc-26ea8 for permissions ["datastore.indexes.create","datastore.indexes.delete","datastore.indexes.list","datastore.indexes.update","firebase.projects.get","firebasehosting.sites.update"]
[debug] [2025-09-13T05:28:15.638Z] Checked if tokens are valid: true, expires at: 1757744558381
[debug] [2025-09-13T05:28:15.638Z] Checked if tokens are valid: true, expires at: 1757744558381
[debug] [2025-09-13T05:28:15.639Z] >>> [apiv2][query] POST https://cloudresourcemanager.googleapis.com/v1/projects/legaldoc-26ea8:testIamPermissions [none]
[debug] [2025-09-13T05:28:15.639Z] >>> [apiv2][(partial)header] POST https://cloudresourcemanager.googleapis.com/v1/projects/legaldoc-26ea8:testIamPermissions x-goog-quota-user=projects/legaldoc-26ea8
[debug] [2025-09-13T05:28:15.639Z] >>> [apiv2][body] POST https://cloudresourcemanager.googleapis.com/v1/projects/legaldoc-26ea8:testIamPermissions {"permissions":["datastore.indexes.create","datastore.indexes.delete","datastore.indexes.list","datastore.indexes.update","firebase.projects.get","firebasehosting.sites.update"]}
[debug] [2025-09-13T05:28:15.917Z] <<< [apiv2][status] POST https://cloudresourcemanager.googleapis.com/v1/projects/legaldoc-26ea8:testIamPermissions 200
[debug] [2025-09-13T05:28:15.918Z] <<< [apiv2][body] POST https://cloudresourcemanager.googleapis.com/v1/projects/legaldoc-26ea8:testIamPermissions {"permissions":["datastore.indexes.create","datastore.indexes.delete","datastore.indexes.list","datastore.indexes.update","firebase.projects.get","firebasehosting.sites.update"]}
[debug] [2025-09-13T05:28:15.918Z] Checked if tokens are valid: true, expires at: 1757744558381
[debug] [2025-09-13T05:28:15.919Z] Checked if tokens are valid: true, expires at: 1757744558381
[debug] [2025-09-13T05:28:15.919Z] >>> [apiv2][query] GET https://firebase.googleapis.com/v1beta1/projects/legaldoc-26ea8 [none]
[debug] [2025-09-13T05:28:16.279Z] <<< [apiv2][status] GET https://firebase.googleapis.com/v1beta1/projects/legaldoc-26ea8 200
[debug] [2025-09-13T05:28:16.279Z] <<< [apiv2][body] GET https://firebase.googleapis.com/v1beta1/projects/legaldoc-26ea8 {"projectId":"legaldoc-26ea8","projectNumber":"584726654660","displayName":"123LegalDoc","name":"projects/legaldoc-26ea8","resources":{"hostingSite":"legaldoc-26ea8"},"state":"ACTIVE","etag":"1_55da81e3-3b12-4300-a5e1-c0cbc141a567"}
[debug] [2025-09-13T05:28:16.281Z] Specified "public" directory "out" does not exist; Deploy to Hosting site "legaldoc-26ea8" may fail or be empty.
[info] 
[info] === Deploying to 'legaldoc-26ea8'...
[info] 
[info] i  deploying firestore, hosting 
[info] Running command: npm run build
